#
# There is insufficient memory for the Java Runtime Environment to continue.
# Native memory allocation (malloc) failed to allocate 318656 bytes for Chunk::new
# Possible reasons:
#   The system is out of physical RAM or swap space
#   In 32 bit mode, the process size limit was hit
# Possible solutions:
#   Reduce memory load on the system
#   Increase physical memory or swap space
#   Check if swap backing store is full
#   Use 64 bit Java on a 64 bit OS
#   Decrease Java heap size (-Xmx/-Xms)
#   Decrease number of Java threads
#   Decrease Java thread stack sizes (-Xss)
#   Set larger code cache with -XX:ReservedCodeCacheSize=
# This output file may be truncated or incomplete.
#
#  Out of Memory Error (allocation.cpp:390), pid=12868, tid=0x0000000000002690
#
# JRE version: Java(TM) SE Runtime Environment (8.0_131-b11) (build 1.8.0_131-b11)
# Java VM: Java HotSpot(TM) 64-Bit Server VM (25.131-b11 mixed mode windows-amd64 compressed oops)
# Failed to write core dump. Minidumps are not enabled by default on client versions of Windows
#

---------------  T H R E A D  ---------------

Current thread (0x0000000017b02000):  JavaThread "C2 CompilerThread0" daemon [_thread_in_native, id=9872, stack(0x0000000019150000,0x0000000019250000)]

Stack: [0x0000000019150000,0x0000000019250000]
[error occurred during error reporting (printing stack bounds), id 0xc0000005]

Native frames: (J=compiled Java code, j=interpreted, Vv=VM code, C=native code)


Current CompileTask:
C2:  52393 2235   !   4       java.net.URL::<init> (543 bytes)


---------------  P R O C E S S  ---------------

Java Threads: ( => current thread )
  0x000000001a82c000 JavaThread "Okio Watchdog" daemon [_thread_blocked, id=21108, stack(0x000000001db60000,0x000000001dc60000)]
  0x000000001a82b800 JavaThread "OkHttp ConnectionPool" daemon [_thread_blocked, id=5320, stack(0x000000001da60000,0x000000001db60000)]
  0x000000001a82a800 JavaThread "Exec Stream Pumper" daemon [_thread_in_native, id=6532, stack(0x000000001d660000,0x000000001d760000)]
  0x000000001a827000 JavaThread "Exec Stream Pumper" daemon [_thread_in_native, id=19336, stack(0x000000001d560000,0x000000001d660000)]
  0x000000001a825800 JavaThread "Exec Stream Pumper" daemon [_thread_in_native, id=9036, stack(0x000000001d460000,0x000000001d560000)]
  0x000000001a82a000 JavaThread "Exec Stream Pumper" daemon [_thread_in_native, id=17432, stack(0x000000001d360000,0x000000001d460000)]
  0x000000001a827800 JavaThread "Exec Stream Pumper" daemon [_thread_in_native, id=18276, stack(0x000000001d260000,0x000000001d360000)]
  0x000000001a126000 JavaThread "Exec Stream Pumper" daemon [_thread_in_native, id=4240, stack(0x000000001d160000,0x000000001d260000)]
  0x000000001a125800 JavaThread "Exec Stream Pumper" daemon [_thread_in_native, id=14964, stack(0x000000001d060000,0x000000001d160000)]
  0x000000001a121000 JavaThread "Exec Stream Pumper" daemon [_thread_in_native, id=12724, stack(0x000000001cf60000,0x000000001d060000)]
  0x000000001a124000 JavaThread "Exec Stream Pumper" daemon [_thread_in_native, id=21628, stack(0x000000001ce60000,0x000000001cf60000)]
  0x000000001a121800 JavaThread "Exec Stream Pumper" daemon [_thread_in_native, id=18420, stack(0x000000001cd60000,0x000000001ce60000)]
  0x000000001a127800 JavaThread "UrlChecker-3" daemon [_thread_blocked, id=8044, stack(0x000000001cb60000,0x000000001cc60000)]
  0x000000001a124800 JavaThread "UrlChecker-5" daemon [_thread_blocked, id=20200, stack(0x000000001ca60000,0x000000001cb60000)]
  0x000000001a127000 JavaThread "UrlChecker-6" daemon [_thread_blocked, id=20012, stack(0x000000001c960000,0x000000001ca60000)]
  0x000000001a122800 JavaThread "UrlChecker-4" daemon [_thread_blocked, id=21988, stack(0x000000001c860000,0x000000001c960000)]
  0x000000001a123000 JavaThread "UrlChecker-2" daemon [_thread_blocked, id=15496, stack(0x000000001c760000,0x000000001c860000)]
  0x000000001a140800 JavaThread "Exec Default Executor" daemon [_thread_in_native, id=19984, stack(0x000000001c660000,0x000000001c760000)]
  0x000000001a142800 JavaThread "Exec Default Executor" daemon [_thread_in_native, id=20136, stack(0x000000001c560000,0x000000001c660000)]
  0x000000001a140000 JavaThread "Exec Default Executor" daemon [_thread_in_native, id=8464, stack(0x000000001c460000,0x000000001c560000)]
  0x000000001a0a7800 JavaThread "Exec Default Executor" daemon [_thread_in_native, id=7496, stack(0x000000001c360000,0x000000001c460000)]
  0x000000001a823000 JavaThread "Exec Default Executor" daemon [_thread_in_native, id=7448, stack(0x000000001c260000,0x000000001c360000)]
  0x000000001a186000 JavaThread "Forwarding findElement on session 6ae69e0cebbfa10c057a75a63254775c to remote" [_thread_in_native, id=13032, stack(0x000000001bd60000,0x000000001be60000)]
  0x000000001a17e800 JavaThread "Forwarding findElement on session 1c13a9c09ed6c3b8eee4d63210531b42 to remote" [_thread_in_native, id=15392, stack(0x000000001bc60000,0x000000001bd60000)]
  0x000000001a17c000 JavaThread "Forwarding newSession on session null to remote" [_thread_in_native, id=4736, stack(0x000000001bb60000,0x000000001bc60000)]
  0x000000001a182800 JavaThread "Forwarding get on session f0100648a06acfa0c32953606e4c96bf to remote" [_thread_in_native, id=12968, stack(0x000000001ba60000,0x000000001bb60000)]
  0x000000001a181800 JavaThread "TestNG-test=Test-1" [_thread_in_native, id=3524, stack(0x000000001b960000,0x000000001ba60000)]
  0x0000000019dc6000 JavaThread "ReaderThread" [_thread_in_native, id=9508, stack(0x000000001a690000,0x000000001a790000)]
  0x0000000019472800 JavaThread "Service Thread" daemon [_thread_blocked, id=13612, stack(0x0000000019850000,0x0000000019950000)]
  0x0000000017b0b800 JavaThread "C1 CompilerThread2" daemon [_thread_blocked, id=21412, stack(0x0000000019350000,0x0000000019450000)]
  0x0000000017b09800 JavaThread "C2 CompilerThread1" daemon [_thread_blocked, id=18160, stack(0x0000000019250000,0x0000000019350000)]
=>0x0000000017b02000 JavaThread "C2 CompilerThread0" daemon [_thread_in_native, id=9872, stack(0x0000000019150000,0x0000000019250000)]
  0x0000000017b00000 JavaThread "Attach Listener" daemon [_thread_blocked, id=19548, stack(0x0000000019050000,0x0000000019150000)]
  0x0000000017afe800 JavaThread "Signal Dispatcher" daemon [_thread_blocked, id=20724, stack(0x0000000018f50000,0x0000000019050000)]
  0x0000000002f8c800 JavaThread "Finalizer" daemon [_thread_blocked, id=14968, stack(0x0000000018d50000,0x0000000018e50000)]
  0x0000000002f81800 JavaThread "Reference Handler" daemon [_thread_blocked, id=7652, stack(0x0000000018c50000,0x0000000018d50000)]
  0x0000000002c5e800 JavaThread "main" [_thread_blocked, id=16944, stack(0x0000000002d00000,0x0000000002e00000)]

Other Threads:
  0x0000000017ac8800 VMThread [stack: 0x0000000018b50000,0x0000000018c50000] [id=19480]
  0x00000000194a0000 WatcherThread [stack: 0x0000000019950000,0x0000000019a50000] [id=14460]

VM state:not at safepoint (normal execution)

VM Mutex/Monitor currently owned by a thread: None

Heap:
 PSYoungGen      total 38400K, used 24576K [0x00000000d5c00000, 0x00000000d8680000, 0x0000000100000000)
  eden space 33280K, 58% used [0x00000000d5c00000,0x00000000d6f07548,0x00000000d7c80000)
  from space 5120K, 99% used [0x00000000d8180000,0x00000000d8678e60,0x00000000d8680000)
  to   space 5120K, 0% used [0x00000000d7c80000,0x00000000d7c80000,0x00000000d8180000)
 ParOldGen       total 87552K, used 3600K [0x0000000081400000, 0x0000000086980000, 0x00000000d5c00000)
  object space 87552K, 4% used [0x0000000081400000,0x0000000081784190,0x0000000086980000)
 Metaspace       used 18241K, capacity 19652K, committed 19840K, reserved 1067008K
  class space    used 2357K, capacity 2664K, committed 2688K, reserved 1048576K

Card table byte_map: [0x0000000012350000,0x0000000012750000] byte_map_base: 0x0000000011f46000

Marking Bits: (ParMarkBitMap*) 0x000000006a1dc720
 Begin Bits: [0x0000000012e00000, 0x0000000014db0000)
 End Bits:   [0x0000000014db0000, 0x0000000016d60000)

Polling page: 0x0000000002bf0000

CodeCache: size=245760Kb used=6843Kb max_used=6847Kb free=238916Kb
 bounds [0x0000000002f90000, 0x0000000003650000, 0x0000000011f90000]
 total_blobs=2637 nmethods=2219 adapters=330
 compilation: enabled

Compilation events (10 events):
Event: 51.998 Thread 0x0000000017b09800 2231       4       java.util.HashMap::computeIfAbsent (309 bytes)
Event: 51.998 Thread 0x0000000017b0b800 nmethod 2230 0x000000000363eb50 code [0x000000000363ed00, 0x000000000363f158]
Event: 52.008 Thread 0x0000000017b09800 nmethod 2231 0x00000000036428d0 code [0x0000000003642aa0, 0x0000000003643488]
Event: 52.087 Thread 0x0000000017b0b800 2232       3       java.io.BufferedWriter::min (9 bytes)
Event: 52.087 Thread 0x0000000017b0b800 nmethod 2232 0x0000000003642590 code [0x00000000036426e0, 0x0000000003642870]
Event: 52.087 Thread 0x0000000017b0b800 2233   !   3       java.io.BufferedWriter::write (117 bytes)
Event: 52.089 Thread 0x0000000017b0b800 nmethod 2233 0x0000000003641810 code [0x00000000036419e0, 0x0000000003642148]
Event: 52.089 Thread 0x0000000017b0b800 2234       3       sun.misc.ASCIICaseInsensitiveComparator::compare (126 bytes)
Event: 52.091 Thread 0x0000000017b0b800 nmethod 2234 0x00000000036403d0 code [0x00000000036405e0, 0x00000000036411d8]
Event: 52.362 Thread 0x0000000017b02000 2235   !   4       java.net.URL::<init> (543 bytes)

GC Heap History (4 events):
Event: 1.095 GC heap before
{Heap before GC invocations=1 (full 0):
 PSYoungGen      total 38400K, used 33280K [0x00000000d5c00000, 0x00000000d8680000, 0x0000000100000000)
  eden space 33280K, 100% used [0x00000000d5c00000,0x00000000d7c80000,0x00000000d7c80000)
  from space 5120K, 0% used [0x00000000d8180000,0x00000000d8180000,0x00000000d8680000)
  to   space 5120K, 0% used [0x00000000d7c80000,0x00000000d7c80000,0x00000000d8180000)
 ParOldGen       total 87552K, used 0K [0x0000000081400000, 0x0000000086980000, 0x00000000d5c00000)
  object space 87552K, 0% used [0x0000000081400000,0x0000000081400000,0x0000000086980000)
 Metaspace       used 11595K, capacity 11860K, committed 12032K, reserved 1060864K
  class space    used 1403K, capacity 1504K, committed 1536K, reserved 1048576K
Event: 1.102 GC heap after
Heap after GC invocations=1 (full 0):
 PSYoungGen      total 38400K, used 5102K [0x00000000d5c00000, 0x00000000d8680000, 0x0000000100000000)
  eden space 33280K, 0% used [0x00000000d5c00000,0x00000000d5c00000,0x00000000d7c80000)
  from space 5120K, 99% used [0x00000000d7c80000,0x00000000d817b940,0x00000000d8180000)
  to   space 5120K, 0% used [0x00000000d8180000,0x00000000d8180000,0x00000000d8680000)
 ParOldGen       total 87552K, used 993K [0x0000000081400000, 0x0000000086980000, 0x00000000d5c00000)
  object space 87552K, 1% used [0x0000000081400000,0x00000000814f8500,0x0000000086980000)
 Metaspace       used 11595K, capacity 11860K, committed 12032K, reserved 1060864K
  class space    used 1403K, capacity 1504K, committed 1536K, reserved 1048576K
}
Event: 2.578 GC heap before
{Heap before GC invocations=2 (full 0):
 PSYoungGen      total 38400K, used 38382K [0x00000000d5c00000, 0x00000000d8680000, 0x0000000100000000)
  eden space 33280K, 100% used [0x00000000d5c00000,0x00000000d7c80000,0x00000000d7c80000)
  from space 5120K, 99% used [0x00000000d7c80000,0x00000000d817b940,0x00000000d8180000)
  to   space 5120K, 0% used [0x00000000d8180000,0x00000000d8180000,0x00000000d8680000)
 ParOldGen       total 87552K, used 993K [0x0000000081400000, 0x0000000086980000, 0x00000000d5c00000)
  object space 87552K, 1% used [0x0000000081400000,0x00000000814f8500,0x0000000086980000)
 Metaspace       used 15696K, capacity 16852K, committed 16896K, reserved 1064960K
  class space    used 2000K, capacity 2268K, committed 2304K, reserved 1048576K
Event: 2.585 GC heap after
Heap after GC invocations=2 (full 0):
 PSYoungGen      total 38400K, used 5091K [0x00000000d5c00000, 0x00000000d8680000, 0x0000000100000000)
  eden space 33280K, 0% used [0x00000000d5c00000,0x00000000d5c00000,0x00000000d7c80000)
  from space 5120K, 99% used [0x00000000d8180000,0x00000000d8678e60,0x00000000d8680000)
  to   space 5120K, 0% used [0x00000000d7c80000,0x00000000d7c80000,0x00000000d8180000)
 ParOldGen       total 87552K, used 3600K [0x0000000081400000, 0x0000000086980000, 0x00000000d5c00000)
  object space 87552K, 4% used [0x0000000081400000,0x0000000081784190,0x0000000086980000)
 Metaspace       used 15696K, capacity 16852K, committed 16896K, reserved 1064960K
  class space    used 2000K, capacity 2268K, committed 2304K, reserved 1048576K
}

Deoptimization events (10 events):
Event: 2.610 Thread 0x000000001a17e800 Uncommon trap: reason=class_check action=maybe_recompile pc=0x000000000345cd44 method=java.util.regex.Matcher.search(I)Z @ 86
Event: 2.610 Thread 0x000000001a17e800 Uncommon trap: reason=class_check action=maybe_recompile pc=0x0000000003422ff4 method=java.util.regex.Pattern$Curly.match(Ljava/util/regex/Matcher;ILjava/lang/CharSequence;)Z @ 19
Event: 2.610 Thread 0x000000001a186000 Uncommon trap: reason=class_check action=maybe_recompile pc=0x0000000003422ff4 method=java.util.regex.Pattern$Curly.match(Ljava/util/regex/Matcher;ILjava/lang/CharSequence;)Z @ 19
Event: 2.669 Thread 0x000000001a17e800 Uncommon trap: reason=unstable_if action=reinterpret pc=0x000000000337a158 method=java.util.regex.Pattern$BmpCharProperty.match(Ljava/util/regex/Matcher;ILjava/lang/CharSequence;)Z @ 34
Event: 2.669 Thread 0x000000001a186000 Uncommon trap: reason=unstable_if action=reinterpret pc=0x000000000337a158 method=java.util.regex.Pattern$BmpCharProperty.match(Ljava/util/regex/Matcher;ILjava/lang/CharSequence;)Z @ 34
Event: 2.669 Thread 0x000000001a182800 Uncommon trap: reason=unstable_if action=reinterpret pc=0x000000000337a158 method=java.util.regex.Pattern$BmpCharProperty.match(Ljava/util/regex/Matcher;ILjava/lang/CharSequence;)Z @ 34
Event: 7.291 Thread 0x000000001a186000 Uncommon trap: reason=class_check action=maybe_recompile pc=0x0000000003524fb4 method=org.openqa.selenium.json.Input.init()V @ 18
Event: 7.291 Thread 0x000000001a182800 Uncommon trap: reason=class_check action=maybe_recompile pc=0x0000000003524fb4 method=org.openqa.selenium.json.Input.init()V @ 18
Event: 7.291 Thread 0x000000001a17e800 Uncommon trap: reason=class_check action=maybe_recompile pc=0x0000000003524fb4 method=org.openqa.selenium.json.Input.init()V @ 18
Event: 7.291 Thread 0x000000001a17e800 Uncommon trap: reason=class_check action=maybe_recompile pc=0x0000000003524fb4 method=org.openqa.selenium.json.Input.init()V @ 18

Internal exceptions (10 events):
Event: 49.087 Thread 0x000000001a181800 Exception <a 'java/net/SocketTimeoutException': Read timed out> (0x00000000d6c32e28) thrown at [C:\re\workspace\8-2-build-windows-amd64-cygwin\jdk8u131\8869\hotspot\src\share\vm\prims\jni.cpp, line 735]
Event: 49.150 Thread 0x000000001a181800 Exception <a 'java/net/SocketTimeoutException': Read timed out> (0x00000000d6c9ac48) thrown at [C:\re\workspace\8-2-build-windows-amd64-cygwin\jdk8u131\8869\hotspot\src\share\vm\prims\jni.cpp, line 735]
Event: 49.150 Thread 0x000000001a17e800 Exception <a 'java/net/SocketTimeoutException': Read timed out> (0x00000000d6c83988) thrown at [C:\re\workspace\8-2-build-windows-amd64-cygwin\jdk8u131\8869\hotspot\src\share\vm\prims\jni.cpp, line 735]
Event: 49.214 Thread 0x000000001a181800 Exception <a 'java/net/SocketTimeoutException': Read timed out> (0x00000000d6ccf958) thrown at [C:\re\workspace\8-2-build-windows-amd64-cygwin\jdk8u131\8869\hotspot\src\share\vm\prims\jni.cpp, line 735]
Event: 49.214 Thread 0x000000001a17e800 Exception <a 'java/net/SocketTimeoutException': Read timed out> (0x00000000d6d00b40) thrown at [C:\re\workspace\8-2-build-windows-amd64-cygwin\jdk8u131\8869\hotspot\src\share\vm\prims\jni.cpp, line 735]
Event: 50.169 Thread 0x000000001a17e800 Exception <a 'java/net/SocketTimeoutException': Read timed out> (0x00000000d6d687c0) thrown at [C:\re\workspace\8-2-build-windows-amd64-cygwin\jdk8u131\8869\hotspot\src\share\vm\prims\jni.cpp, line 735]
Event: 50.169 Thread 0x000000001a181800 Exception <a 'java/net/SocketTimeoutException': Read timed out> (0x00000000d6d357f8) thrown at [C:\re\workspace\8-2-build-windows-amd64-cygwin\jdk8u131\8869\hotspot\src\share\vm\prims\jni.cpp, line 735]
Event: 50.374 Thread 0x000000001a181800 Exception <a 'java/net/SocketTimeoutException': Read timed out> (0x00000000d6d484c8) thrown at [C:\re\workspace\8-2-build-windows-amd64-cygwin\jdk8u131\8869\hotspot\src\share\vm\prims\jni.cpp, line 735]
Event: 50.405 Thread 0x000000001a181800 Exception <a 'java/net/SocketTimeoutException': Read timed out> (0x00000000d6dae2a8) thrown at [C:\re\workspace\8-2-build-windows-amd64-cygwin\jdk8u131\8869\hotspot\src\share\vm\prims\jni.cpp, line 735]
Event: 50.405 Thread 0x000000001a17e800 Exception <a 'java/net/SocketTimeoutException': Read timed out> (0x00000000d6d7b1e0) thrown at [C:\re\workspace\8-2-build-windows-amd64-cygwin\jdk8u131\8869\hotspot\src\share\vm\prims\jni.cpp, line 735]

Events (10 events):
Event: 52.362 loading class org/apache/poi/openxml4j/exceptions/OpenXML4JRuntimeException
Event: 52.362 loading class org/apache/poi/openxml4j/exceptions/OpenXML4JRuntimeException done
Event: 52.362 loading class org/apache/poi/ooxml/POIXMLFactory
Event: 52.362 loading class org/apache/poi/ooxml/POIXMLFactory done
Event: 52.362 loading class org/apache/poi/xssf/usermodel/XSSFFactory
Event: 52.362 loading class org/apache/poi/xssf/usermodel/XSSFFactory done
Event: 52.363 loading class org/apache/poi/ss/usermodel/Name
Event: 52.363 loading class org/apache/poi/ss/usermodel/Name done
Event: 52.374 loading class org/apache/poi/ooxml/POIXMLRelation
Event: 52.374 loading class org/apache/poi/ooxml/POIXMLRelation done


Dynamic libraries:
0x00007ff633890000 - 0x00007ff6338c7000 	C:\Program Files\Java\jre1.8.0_131\bin\javaw.exe
0x00007ffd9bb10000 - 0x00007ffd9bd08000 	C:\WINDOWS\SYSTEM32\ntdll.dll
0x00007ffd9b930000 - 0x00007ffd9b9ef000 	C:\WINDOWS\System32\KERNEL32.DLL
0x00007ffd99890000 - 0x00007ffd99b6a000 	C:\WINDOWS\System32\KERNELBASE.dll
0x00007ffd9ac50000 - 0x00007ffd9acfe000 	C:\WINDOWS\System32\ADVAPI32.dll
0x00007ffd9ab60000 - 0x00007ffd9abfe000 	C:\WINDOWS\System32\msvcrt.dll
0x00007ffd9a790000 - 0x00007ffd9a82c000 	C:\WINDOWS\System32\sechost.dll
0x00007ffd9aa30000 - 0x00007ffd9ab56000 	C:\WINDOWS\System32\RPCRT4.dll
0x00007ffd9af10000 - 0x00007ffd9b0ad000 	C:\WINDOWS\System32\USER32.dll
0x00007ffd994a0000 - 0x00007ffd994c2000 	C:\WINDOWS\System32\win32u.dll
0x00007ffd9ac00000 - 0x00007ffd9ac2b000 	C:\WINDOWS\System32\GDI32.dll
0x00007ffd99560000 - 0x00007ffd99670000 	C:\WINDOWS\System32\gdi32full.dll
0x00007ffd99380000 - 0x00007ffd9941d000 	C:\WINDOWS\System32\msvcp_win.dll
0x00007ffd99720000 - 0x00007ffd99820000 	C:\WINDOWS\System32\ucrtbase.dll
0x00007ffd90ca0000 - 0x00007ffd90f3a000 	C:\WINDOWS\WinSxS\amd64_microsoft.windows.common-controls_6595b64144ccf1df_6.0.19041.1110_none_60b5254171f9507e\COMCTL32.dll
0x00007ffd9a760000 - 0x00007ffd9a790000 	C:\WINDOWS\System32\IMM32.DLL
0x00000000010f0000 - 0x0000000001104000 	C:\WINDOWS\System32\umppc16812.dll
0x0000000069670000 - 0x0000000069742000 	C:\Program Files\Java\jre1.8.0_131\bin\msvcr100.dll
0x00000000699c0000 - 0x000000006a25c000 	C:\Program Files\Java\jre1.8.0_131\bin\server\jvm.dll
0x00007ffd99f70000 - 0x00007ffd99f78000 	C:\WINDOWS\System32\PSAPI.DLL
0x00007ffd8bea0000 - 0x00007ffd8bea9000 	C:\WINDOWS\SYSTEM32\WSOCK32.dll
0x00007ffd9a840000 - 0x00007ffd9a8ab000 	C:\WINDOWS\System32\WS2_32.dll
0x00007ffd92a00000 - 0x00007ffd92a27000 	C:\WINDOWS\SYSTEM32\WINMM.dll
0x00007ffd90990000 - 0x00007ffd9099a000 	C:\WINDOWS\SYSTEM32\VERSION.dll
0x00000000698d0000 - 0x00000000698df000 	C:\Program Files\Java\jre1.8.0_131\bin\verify.dll
0x00000000698a0000 - 0x00000000698c9000 	C:\Program Files\Java\jre1.8.0_131\bin\java.dll
0x0000000069880000 - 0x0000000069896000 	C:\Program Files\Java\jre1.8.0_131\bin\zip.dll
0x00007ffd9a010000 - 0x00007ffd9a754000 	C:\WINDOWS\System32\SHELL32.dll
0x00007ffd97280000 - 0x00007ffd97a13000 	C:\WINDOWS\SYSTEM32\windows.storage.dll
0x00007ffd9b0b0000 - 0x00007ffd9b404000 	C:\WINDOWS\System32\combase.dll
0x00007ffd98c10000 - 0x00007ffd98c3e000 	C:\WINDOWS\SYSTEM32\Wldp.dll
0x00007ffd9b410000 - 0x00007ffd9b4bd000 	C:\WINDOWS\System32\SHCORE.dll
0x00007ffd9a8b0000 - 0x00007ffd9a905000 	C:\WINDOWS\System32\shlwapi.dll
0x00007ffd99160000 - 0x00007ffd9917f000 	C:\WINDOWS\SYSTEM32\profapi.dll
0x0000000069860000 - 0x000000006987a000 	C:\Program Files\Java\jre1.8.0_131\bin\net.dll
0x00007ffd98900000 - 0x00007ffd9896a000 	C:\WINDOWS\system32\mswsock.dll
0x00007ffd98630000 - 0x00007ffd986fb000 	C:\WINDOWS\SYSTEM32\DNSAPI.dll
0x00007ffd985f0000 - 0x00007ffd9862c000 	C:\WINDOWS\SYSTEM32\IPHLPAPI.DLL
0x00007ffd99f60000 - 0x00007ffd99f68000 	C:\WINDOWS\System32\NSI.dll
0x00007ffd93ba0000 - 0x00007ffd93baa000 	C:\Windows\System32\rasadhlp.dll
0x00007ffd94b90000 - 0x00007ffd94c10000 	C:\WINDOWS\System32\fwpuclnt.dll
0x00007ffd99470000 - 0x00007ffd99497000 	C:\WINDOWS\System32\bcrypt.dll
0x00007ffd98af0000 - 0x00007ffd98b08000 	C:\WINDOWS\SYSTEM32\CRYPTSP.dll
0x00007ffd98220000 - 0x00007ffd98254000 	C:\WINDOWS\system32\rsaenh.dll
0x00007ffd99120000 - 0x00007ffd9914e000 	C:\WINDOWS\SYSTEM32\USERENV.dll
0x00007ffd994d0000 - 0x00007ffd99552000 	C:\WINDOWS\System32\bcryptprimitives.dll
0x00007ffd98b10000 - 0x00007ffd98b1c000 	C:\WINDOWS\SYSTEM32\CRYPTBASE.dll
0x00007ffd94920000 - 0x00007ffd94937000 	C:\WINDOWS\SYSTEM32\dhcpcsvc6.DLL
0x00007ffd945c0000 - 0x00007ffd945dd000 	C:\WINDOWS\SYSTEM32\dhcpcsvc.DLL
0x0000000069840000 - 0x0000000069851000 	C:\Program Files\Java\jre1.8.0_131\bin\nio.dll
0x0000000069810000 - 0x0000000069834000 	C:\Program Files\Java\jre1.8.0_131\bin\sunec.dll
0x0000000069800000 - 0x000000006980b000 	C:\Program Files\Java\jre1.8.0_131\bin\sunmscapi.dll
0x00007ffd99220000 - 0x00007ffd99376000 	C:\WINDOWS\System32\CRYPT32.dll

VM Arguments:
jvm_args: -ea -Dfile.encoding=Cp1252 
java_command: org.testng.remote.RemoteTestNG -serport 60914 -protocol json -d D:\ITest\IBPS_POM_14Nov\test-output D:\ITest\IBPS_POM_14Nov\testng_RCF_June23.xml
java_class_path (initial): D:\Eclipse_64\configuration\org.eclipse.osgi\522\0\.cp\lib\testng-remote.jar;D:\ITest\IBPS_POM_14Nov\target\test-classes;D:\ITest\IBPS_POM_14Nov\target\classes;D:\Eclipse_64\plugins\org.testng_7.0.0.r201908191551.jar;D:\Eclipse_64\plugins\com.beust.jcommander_1.72.0.jar;D:\Eclipse_64\plugins\org.apache-extras.beanshell.bsh_2.0.0.b6.jar;D:\Eclipse_64\plugins\org.yaml.snakeyaml_1.21.0.jar;C:\Users\016386\.m2\repository\org\seleniumhq\selenium\selenium-java\3.141.0\selenium-java-3.141.0.jar;C:\Users\016386\.m2\repository\org\seleniumhq\selenium\selenium-api\3.141.0\selenium-api-3.141.0.jar;C:\Users\016386\.m2\repository\org\seleniumhq\selenium\selenium-chrome-driver\3.141.0\selenium-chrome-driver-3.141.0.jar;C:\Users\016386\.m2\repository\org\seleniumhq\selenium\selenium-edge-driver\3.141.0\selenium-edge-driver-3.141.0.jar;C:\Users\016386\.m2\repository\org\seleniumhq\selenium\selenium-firefox-driver\3.141.0\selenium-firefox-driver-3.141.0.jar;C:\Users\016386\.m2\repository\org\seleniumhq\selenium\selenium-ie-driver\3.141.0\selenium-ie-driver-3.141.0.jar;C:\Users\016386\.m2\repository\org\seleniumhq\selenium\selenium-opera-driver\3.141.0\selenium-opera-driver-3.141.0.jar;C:\Users\016386\.m2\repository\org\seleniumhq\selenium\selenium-remote-driver\3.141.0\selenium-remote-driver-3.141.0.jar;C:\Users\016386\.m2\repository\org\seleniumhq\selenium\selenium-safari-driver\3.141.0\selenium-safari-driver-3.141.0.jar;C:\Users\016386\.m2\repository\org\seleniumhq\selenium\selenium-support\3.141.0\selenium-support-3.141.0.jar;C:\Users\016386\.m2\repository\net\bytebuddy\byte-buddy\1.8.15\byte-buddy-1.8.15.jar;C:\Users\016386\.m2\repository\org\apache\commons\commons-exec\1.3\commons-exec-1.3.jar;C:\Users\016386\.m2\repository\com\google\guava\guava\25.0-jre\guava-25.0-jre.jar;C:\Users\016386\.m2\repository\com\google\code\findbugs\jsr305\1.3.9\jsr305-1.3.9.jar;C:\Users\016386\.m2\repository\org\checkerframework\checker-compat-qual\2.0.0\checker-compat
Launcher Type: SUN_STANDARD

Environment Variables:
JAVA_HOME=C:\Program Files\Java\jdk1.8.0_131
PATH=C:/Program Files/Java/jre1.8.0_131/bin/server;C:/Program Files/Java/jre1.8.0_131/bin;C:/Program Files/Java/jre1.8.0_131/lib/amd64;C:\ProgramData\Oracle\Java\javapath;C:\Program Files (x86)\Intel\iCLS Client\;C:\Program Files\Intel\iCLS Client\;C:\WINDOWS\system32;C:\WINDOWS;C:\WINDOWS\System32\Wbem;C:\WINDOWS\System32\WindowsPowerShell\v1.0\;C:\Program Files\Intel\Intel(R) Management Engine Components\DAL;C:\Program Files (x86)\Intel\Intel(R) Management Engine Components\DAL;C:\Program Files\Intel\Intel(R) Management Engine Components\IPT;C:\Program Files (x86)\Intel\Intel(R) Management Engine Components\IPT;C:\Program Files\Java\jdk1.8.0_131\bin;D:\Utilities\android-sdks;D:\Utilities\apache-maven-3.5.2-bin\apache-maven-3.5.2\bin;C:\WINDOWS\System32\OpenSSH\;C:\Program Files\nodejs\;C:\Users\016386\AppData\Local\Microsoft\WindowsApps;;D:\Eclipse_64;
USERNAME=016386
OS=Windows_NT
PROCESSOR_IDENTIFIER=Intel64 Family 6 Model 60 Stepping 3, GenuineIntel



---------------  S Y S T E M  ---------------

OS: Windows 10.0 , 64 bit Build 19041 (10.0.19041.2788)

CPU:total 4 (initial active 4) (4 cores per cpu, 1 threads per core) family 6 model 60 stepping 3, cmov, cx8, fxsr, mmx, sse, sse2, sse3, ssse3, sse4.1, sse4.2, popcnt, avx, avx2, aes, clmul, erms, lzcnt, tsc, tscinvbit, bmi1, bmi2

Memory: 4k page, physical 8305188k(996208k free), swap 33471012k(73892k free)

vm_info: Java HotSpot(TM) 64-Bit Server VM (25.131-b11) for windows-amd64 JRE (1.8.0_131-b11), built on Mar 15 2017 01:23:53 by "java_re" with MS VC++ 10.0 (VS2010)

time: Sat Jul 01 21:12:42 2023
elapsed time: 52 seconds (0d 0h 0m 52s)

